<?xml version="1.0" encoding="UTF-8"?>
<!-- Generated by org.testng.reporters.JUnitXMLReporter -->
<testsuite hostname="Mohammeds-MacBook-Air.local" ignored="0" name="Default test" tests="5" failures="0" timestamp="19 Aug 2018 14:13:57 GMT" time="49.386" errors="0">
  <testcase name="FreecrmRegistration" time="2.528" classname="com.datadriven.test.FreecrmRegistrationTest"/>
  <testcase name="FreecrmRegistration" time="2.757" classname="com.datadriven.test.FreecrmRegistrationTest"/>
  <testcase name="FreecrmRegistration" time="2.528" classname="com.datadriven.test.FreecrmRegistrationTest"/>
  <testcase name="FreecrmRegistration" time="2.72" classname="com.datadriven.test.FreecrmRegistrationTest"/>
  <testcase name="FreecrmRegistration" time="2.685" classname="com.datadriven.test.FreecrmRegistrationTest"/>
</testsuite> <!-- Default test -->
